<?xml version="1.0" encoding="UTF-8"?>
<testng-results ignored="0" total="1" passed="1" failed="0" skipped="0">
  <reporter-output>
  </reporter-output>
  <suite started-at="2025-10-29T21:40:40 IST" name="Google Search Suite" finished-at="2025-10-29T21:41:56 IST" duration-ms="76481">
    <groups>
    </groups>
    <test started-at="2025-10-29T21:40:40 IST" name="Search Test" finished-at="2025-10-29T21:41:56 IST" duration-ms="76481">
      <class name="tests.GoogleSearchTest">
        <test-method is-config="true" signature="setUp()[pri:0, instance:tests.GoogleSearchTest@55b7a4e0]" started-at="2025-10-29T21:40:40 IST" name="setUp" finished-at="2025-10-29T21:40:42 IST" duration-ms="2159" status="PASS">
          <reporter-output>
          </reporter-output>
        </test-method> <!-- setUp -->
        <test-method signature="testGoogleSearch()[pri:0, instance:tests.GoogleSearchTest@55b7a4e0]" started-at="2025-10-29T21:40:42 IST" name="testGoogleSearch" finished-at="2025-10-29T21:41:56 IST" duration-ms="73832" status="PASS">
          <reporter-output>
          </reporter-output>
        </test-method> <!-- testGoogleSearch -->
        <test-method is-config="true" signature="tearDown()[pri:0, instance:tests.GoogleSearchTest@55b7a4e0]" started-at="2025-10-29T21:41:56 IST" name="tearDown" finished-at="2025-10-29T21:41:56 IST" duration-ms="434" status="PASS">
          <reporter-output>
          </reporter-output>
        </test-method> <!-- tearDown -->
      </class> <!-- tests.GoogleSearchTest -->
    </test> <!-- Search Test -->
  </suite> <!-- Google Search Suite -->
</testng-results>
